kernel/vm.c:137:16: warning: unused variable ‘p’ [-Wunused-variable]
  137 |   struct proc *p = myproc();
      |                ^
kernel/vm.c: In function ‘pgprint’:
kernel/vm.c:648:14: warning: unused variable ‘pte’ [-Wunused-variable]
  648 |       pte_t *pte = (pte_t*)q->bucket[i];
      |              ^~~
kernel/sysvm.c: In function ‘sys_pgprint’:
kernel/sysvm.c:43:16: warning: unused variable ‘p’ [-Wunused-variable]
   43 |   struct proc *p = myproc();
      |                ^
kernel/fifo.c: In function ‘q_push’:
kernel/fifo.c:19:42: warning: suggest parentheses around comparison in operand of ‘&’ [-Wparentheses]
   19 |  if(*((pte_t*)e) & PTE_S || *((pte_t*)e) & PTE_V == 0) return 0;
      |                                          ^
user/mp2_2.c: In function ‘main’:
user/mp2_2.c:13:24: warning: passing argument 1 of ‘madvise’ makes pointer from integer without a cast [-Wint-conversion]
   13 |   madvise((uint64) ptr + 10*PG_SIZE, 2*PG_SIZE , MADV_DONTNEED);
      |                        ^
      |                        |
      |                        long unsigned int
In file included from user/mp2_2.c:3:
./user/user.h:36:19: note: expected ‘void *’ but argument is of type ‘long unsigned int’
   36 | int madvise(void *base, int len, int advise);
      |             ~~~~~~^~~~
user/mp2_3.c: In function ‘main’:
user/mp2_3.c:13:24: warning: passing argument 1 of ‘madvise’ makes pointer from integer without a cast [-Wint-conversion]
   13 |   madvise((uint64) ptr + 10*PG_SIZE, 2*PG_SIZE , MADV_NORMAL);
      |                        ^
      |                        |
      |                        long unsigned int
In file included from user/mp2_3.c:3:
./user/user.h:36:19: note: expected ‘void *’ but argument is of type ‘long unsigned int’
   36 | int madvise(void *base, int len, int advise);
      |             ~~~~~~^~~~
user/mp2_3.c:15:24: warning: passing argument 1 of ‘madvise’ makes pointer from integer without a cast [-Wint-conversion]
   15 |   madvise((uint64) ptr + 10*PG_SIZE, 2*PG_SIZE , MADV_DONTNEED);
      |                        ^
      |                        |
      |                        long unsigned int
In file included from user/mp2_3.c:3:
./user/user.h:36:19: note: expected ‘void *’ but argument is of type ‘long unsigned int’
   36 | int madvise(void *base, int len, int advise);
      |             ~~~~~~^~~~
user/mp2_3.c:17:24: warning: passing argument 1 of ‘madvise’ makes pointer from integer without a cast [-Wint-conversion]
   17 |   madvise((uint64) ptr + 10*PG_SIZE, 2*PG_SIZE , MADV_WILLNEED);
      |                        ^
      |                        |
      |                        long unsigned int
In file included from user/mp2_3.c:3:
./user/user.h:36:19: note: expected ‘void *’ but argument is of type ‘long unsigned int’
   36 | int madvise(void *base, int len, int advise);
      |             ~~~~~~^~~~
user/mp2_4.c: In function ‘main’:
user/mp2_4.c:23:24: warning: passing argument 1 of ‘madvise’ makes pointer from integer without a cast [-Wint-conversion]
   23 |   madvise((uint64) ptr + 9*PG_SIZE, PG_SIZE - 1,  MADV_PIN); // pin the tenth pte
      |                        ^
      |                        |
      |                        long unsigned int
In file included from user/mp2_4.c:3:
./user/user.h:36:19: note: expected ‘void *’ but argument is of type ‘long unsigned int’
   36 | int madvise(void *base, int len, int advise);
      |             ~~~~~~^~~~
user/mp2_4.c:28:24: warning: passing argument 1 of ‘madvise’ makes pointer from integer without a cast [-Wint-conversion]
   28 |   madvise((uint64) ptr + 2*PG_SIZE, PG_SIZE - 1,  MADV_DONTNEED); // 3rd pages are swapped out
      |                        ^
      |                        |
      |                        long unsigned int
In file included from user/mp2_4.c:3:
./user/user.h:36:19: note: expected ‘void *’ but argument is of type ‘long unsigned int’
   36 | int madvise(void *base, int len, int advise);
      |             ~~~~~~^~~~
user/mp2_4.c:38:3: warning: implicit declaration of function ‘pgprint’; did you mean ‘vmprint’? [-Wimplicit-function-declaration]
   38 |   pgprint();
      |   ^~~~~~~
      |   vmprint
user/mp2_5.c: In function ‘main’:
user/mp2_5.c:20:24: warning: passing argument 1 of ‘madvise’ makes pointer from integer without a cast [-Wint-conversion]
   20 |   madvise((uint64) ptr + 9*PG_SIZE, PG_SIZE - 1,  MADV_PIN); // pin the tenth pte
      |                        ^
      |                        |
      |                        long unsigned int
In file included from user/mp2_5.c:3:
./user/user.h:36:19: note: expected ‘void *’ but argument is of type ‘long unsigned int’
   36 | int madvise(void *base, int len, int advise);
      |             ~~~~~~^~~~
user/mp2_5.c:25:24: warning: passing argument 1 of ‘madvise’ makes pointer from integer without a cast [-Wint-conversion]
   25 |   madvise((uint64) ptr + 5*PG_SIZE, PG_SIZE - 1,  MADV_DONTNEED); // sixth page are swapped out
      |                        ^
      |                        |
      |                        long unsigned int
In file included from user/mp2_5.c:3:
./user/user.h:36:19: note: expected ‘void *’ but argument is of type ‘long unsigned int’
   36 | int madvise(void *base, int len, int advise);
      |             ~~~~~~^~~~
user/mp2_5.c:35:3: warning: implicit declaration of function ‘pgprint’; did you mean ‘vmprint’? [-Wimplicit-function-declaration]
   35 |   pgprint();
      |   ^~~~~~~
      |   vmprint
nmeta 46 (boot, super, log blocks 30 inode blocks 13, bitmap blocks 1) blocks 954 total 1000
balloc: first 750 blocks have been allocated
balloc: write bitmap block at sector 45
*** Now run 'gdb' in another window.

xv6 kernel is booting

hart 2 starting
hart 1 starting
init: starting sh
$ mp2_4
page table 0x0000000087f49000
+-- 0: pte=0x0000000087f49000 va=0x0000000000000000 pa=0x0000000087f45000 V
|   +-- 0: pte=0x0000000087f45000 va=0x0000000000000000 pa=0x0000000087f44000 V
|       +-- 0: pte=0x0000000087f44000 va=0x0000000000000000 pa=0x0000000087f46000 V R W X U
|       +-- 1: pte=0x0000000087f44008 va=0x0000000000001000 pa=0x0000000087f43000 V R W X
|       +-- 2: pte=0x0000000087f44010 va=0x0000000000002000 pa=0x0000000087f42000 V R W X U D
+-- 255: pte=0x0000000087f497f8 va=0x0000003fc0000000 pa=0x0000000087f48000 V
    +-- 511: pte=0x0000000087f48ff8 va=0x0000003fffe00000 pa=0x0000000087f47000 V
        +-- 510: pte=0x0000000087f47ff0 va=0x0000003fffffe000 pa=0x0000000087f65000 V R W D
        +-- 511: pte=0x0000000087f47ff8 va=0x0000003ffffff000 pa=0x0000000080007000 V R X
After madvise(MADV_PIN)
page table 0x0000000087f49000
+-- 0: pte=0x0000000087f49000 va=0x0000000000000000 pa=0x0000000087f45000 V
|   +-- 0: pte=0x0000000087f45000 va=0x0000000000000000 pa=0x0000000087f44000 V
|       +-- 0: pte=0x0000000087f44000 va=0x0000000000000000 pa=0x0000000087f46000 V R W X U D
|       +-- 1: pte=0x0000000087f44008 va=0x0000000000001000 pa=0x0000000087f43000 V R W X
|       +-- 2: pte=0x0000000087f44010 va=0x0000000000002000 pa=0x0000000087f42000 V R W X U D
|       +-- 3: pte=0x0000000087f44018 va=0x0000000000003000 pa=0x0000000087f4a000 V R W X U D
|       +-- 4: pte=0x0000000087f44020 va=0x0000000000004000 pa=0x0000000087f76000 V R W X U
|       +-- 5: pte=0x0000000087f44028 va=0x0000000000005000 pa=0x0000000087f75000 V R W X U
|       +-- 6: pte=0x0000000087f44030 va=0x0000000000006000 pa=0x0000000087f74000 V R W X U
|       +-- 7: pte=0x0000000087f44038 va=0x0000000000007000 pa=0x0000000087f73000 V R W X U
|       +-- 8: pte=0x0000000087f44040 va=0x0000000000008000 pa=0x0000000087f66000 V R W X U
|       +-- 9: pte=0x0000000087f44048 va=0x0000000000009000 pa=0x0000000087f4b000 V R W X U
|       +-- 10: pte=0x0000000087f44050 va=0x000000000000a000 pa=0x0000000087f4c000 V R W X U
|       +-- 11: pte=0x0000000087f44058 va=0x000000000000b000 pa=0x0000000087f4d000 V R W X U
|       +-- 12: pte=0x0000000087f44060 va=0x000000000000c000 pa=0x0000000087f4e000 V R W X U P
|       +-- 13: pte=0x0000000087f44068 va=0x000000000000d000 pa=0x0000000087f4f000 V R W X U
|       +-- 14: pte=0x0000000087f44070 va=0x000000000000e000 pa=0x0000000087f50000 V R W X U
|       +-- 15: pte=0x0000000087f44078 va=0x000000000000f000 pa=0x0000000087f51000 V R W X U
|       +-- 16: pte=0x0000000087f44080 va=0x0000000000010000 pa=0x0000000087f52000 V R W X U
|       +-- 17: pte=0x0000000087f44088 va=0x0000000000011000 pa=0x0000000087f53000 V R W X U
|       +-- 18: pte=0x0000000087f44090 va=0x0000000000012000 pa=0x0000000087f54000 V R W X U
|       +-- 19: pte=0x0000000087f44098 va=0x0000000000013000 pa=0x0000000087f55000 V R W X U
+-- 255: pte=0x0000000087f497f8 va=0x0000003fc0000000 pa=0x0000000087f48000 V
    +-- 511: pte=0x0000000087f48ff8 va=0x0000003fffe00000 pa=0x0000000087f47000 V
        +-- 510: pte=0x0000000087f47ff0 va=0x0000003fffffe000 pa=0x0000000087f65000 V R W D
        +-- 511: pte=0x0000000087f47ff8 va=0x0000003ffffff000 pa=0x0000000080007000 V R X
After madvise(MADV_DONTNEED)
page table 0x0000000087f49000
+-- 0: pte=0x0000000087f49000 va=0x0000000000000000 pa=0x0000000087f45000 V
|   +-- 0: pte=0x0000000087f45000 va=0x0000000000000000 pa=0x0000000087f44000 V
|       +-- 0: pte=0x0000000087f44000 va=0x0000000000000000 pa=0x0000000087f46000 V R W X U D
|       +-- 1: pte=0x0000000087f44008 va=0x0000000000001000 pa=0x0000000087f43000 V R W X
|       +-- 2: pte=0x0000000087f44010 va=0x0000000000002000 pa=0x0000000087f42000 V R W X U D
|       +-- 3: pte=0x0000000087f44018 va=0x0000000000003000 pa=0x0000000087f4a000 V R W X U D
|       +-- 4: pte=0x0000000087f44020 va=0x0000000000004000 pa=0x0000000087f76000 V R W X U
|       +-- 5: pte=0x0000000087f44028 va=0x0000000000005000 blockno=0x00000000000002f0 R W X U S
|       +-- 6: pte=0x0000000087f44030 va=0x0000000000006000 pa=0x0000000087f74000 V R W X U
|       +-- 7: pte=0x0000000087f44038 va=0x0000000000007000 pa=0x0000000087f73000 V R W X U
|       +-- 8: pte=0x0000000087f44040 va=0x0000000000008000 pa=0x0000000087f66000 V R W X U
|       +-- 9: pte=0x0000000087f44048 va=0x0000000000009000 pa=0x0000000087f4b000 V R W X U
|       +-- 10: pte=0x0000000087f44050 va=0x000000000000a000 pa=0x0000000087f4c000 V R W X U
|       +-- 11: pte=0x0000000087f44058 va=0x000000000000b000 pa=0x0000000087f4d000 V R W X U
|       +-- 12: pte=0x0000000087f44060 va=0x000000000000c000 pa=0x0000000087f4e000 V R W X U P
|       +-- 13: pte=0x0000000087f44068 va=0x000000000000d000 pa=0x0000000087f4f000 V R W X U
|       +-- 14: pte=0x0000000087f44070 va=0x000000000000e000 pa=0x0000000087f50000 V R W X U
|       +-- 15: pte=0x0000000087f44078 va=0x000000000000f000 pa=0x0000000087f51000 V R W X U
|       +-- 16: pte=0x0000000087f44080 va=0x0000000000010000 pa=0x0000000087f52000 V R W X U
|       +-- 17: pte=0x0000000087f44088 va=0x0000000000011000 pa=0x0000000087f53000 V R W X U
|       +-- 18: pte=0x0000000087f44090 va=0x0000000000012000 pa=0x0000000087f54000 V R W X U
|       +-- 19: pte=0x0000000087f44098 va=0x0000000000013000 pa=0x0000000087f55000 V R W X U
+-- 255: pte=0x0000000087f497f8 va=0x0000003fc0000000 pa=0x0000000087f48000 V
    +-- 511: pte=0x0000000087f48ff8 va=0x0000003fffe00000 pa=0x0000000087f47000 V
        +-- 510: pte=0x0000000087f47ff0 va=0x0000003fffffe000 pa=0x0000000087f65000 V R W D
        +-- 511: pte=0x0000000087f47ff8 va=0x0000003ffffff000 pa=0x0000000080007000 V R X
Page fault and swap in
page table 0x0000000087f49000
+-- 0: pte=0x0000000087f49000 va=0x0000000000000000 pa=0x0000000087f45000 V
|   +-- 0: pte=0x0000000087f45000 va=0x0000000000000000 pa=0x0000000087f44000 V
|       +-- 0: pte=0x0000000087f44000 va=0x0000000000000000 pa=0x0000000087f46000 V R W X U D
|       +-- 1: pte=0x0000000087f44008 va=0x0000000000001000 pa=0x0000000087f43000 V R W X
|       +-- 2: pte=0x0000000087f44010 va=0x0000000000002000 pa=0x0000000087f42000 V R W X U D
|       +-- 3: pte=0x0000000087f44018 va=0x0000000000003000 pa=0x0000000087f4a000 V R W X U D
|       +-- 4: pte=0x0000000087f44020 va=0x0000000000004000 pa=0x0000000087f76000 V R W X U
|       +-- 5: pte=0x0000000087f44028 va=0x0000000000005000 pa=0x0000000087f75000 V R W X U D
|       +-- 6: pte=0x0000000087f44030 va=0x0000000000006000 pa=0x0000000087f74000 V R W X U
|       +-- 7: pte=0x0000000087f44038 va=0x0000000000007000 pa=0x0000000087f73000 V R W X U
|       +-- 8: pte=0x0000000087f44040 va=0x0000000000008000 pa=0x0000000087f66000 V R W X U
|       +-- 9: pte=0x0000000087f44048 va=0x0000000000009000 pa=0x0000000087f4b000 V R W X U
|       +-- 10: pte=0x0000000087f44050 va=0x000000000000a000 pa=0x0000000087f4c000 V R W X U
|       +-- 11: pte=0x0000000087f44058 va=0x000000000000b000 pa=0x0000000087f4d000 V R W X U
|       +-- 12: pte=0x0000000087f44060 va=0x000000000000c000 pa=0x0000000087f4e000 V R W X U P
|       +-- 13: pte=0x0000000087f44068 va=0x000000000000d000 pa=0x0000000087f4f000 V R W X U
|       +-- 14: pte=0x0000000087f44070 va=0x000000000000e000 pa=0x0000000087f50000 V R W X U
|       +-- 15: pte=0x0000000087f44078 va=0x000000000000f000 pa=0x0000000087f51000 V R W X U
|       +-- 16: pte=0x0000000087f44080 va=0x0000000000010000 pa=0x0000000087f52000 V R W X U
|       +-- 17: pte=0x0000000087f44088 va=0x0000000000011000 pa=0x0000000087f53000 V R W X U
|       +-- 18: pte=0x0000000087f44090 va=0x0000000000012000 pa=0x0000000087f54000 V R W X U
|       +-- 19: pte=0x0000000087f44098 va=0x0000000000013000 pa=0x0000000087f55000 V R W X U
+-- 255: pte=0x0000000087f497f8 va=0x0000003fc0000000 pa=0x0000000087f48000 V
    +-- 511: pte=0x0000000087f48ff8 va=0x0000003fffe00000 pa=0x0000000087f47000 V
        +-- 510: pte=0x0000000087f47ff0 va=0x0000003fffffe000 pa=0x0000000087f65000 V R W D
        +-- 511: pte=0x0000000087f47ff8 va=0x0000003ffffff000 pa=0x0000000080007000 V R X
Page replacement buffers
------Start------------
pte: 0x0000000087f44060
pte: 0x0000000087f44070
pte: 0x0000000087f44078
pte: 0x0000000087f44080
pte: 0x0000000087f44088
pte: 0x0000000087f44090
pte: 0x0000000087f44098
pte: 0x0000000087f44028
------End--------------
$ qemu-system-riscv64: terminating on signal 15 from pid 996 (make)
