xv6 kernel is booting

hart 2 starting
hart 1 starting
init: starting sh
$ mp2_2
page table 0x0000000087f49000
+-- 0: pte=0x0000000087f49000 va=0x0000000000000000 pa=0x0000000087f45000 V
|   +-- 0: pte=0x0000000087f45000 va=0x0000000000000000 pa=0x0000000087f44000 V
|       +-- 0: pte=0x0000000087f44000 va=0x0000000000000000 pa=0x0000000087f46000 V R W X U
|       +-- 1: pte=0x0000000087f44008 va=0x0000000000001000 pa=0x0000000087f43000 V R W X
|       +-- 2: pte=0x0000000087f44010 va=0x0000000000002000 pa=0x0000000087f42000 V R W X U D
+-- 255: pte=0x0000000087f497f8 va=0x0000003fc0000000 pa=0x0000000087f48000 V
    +-- 511: pte=0x0000000087f48ff8 va=0x0000003fffe00000 pa=0x0000000087f47000 V
        +-- 510: pte=0x0000000087f47ff0 va=0x0000003fffffe000 pa=0x0000000087f65000 V R W D
        +-- 511: pte=0x0000000087f47ff8 va=0x0000003ffffff000 pa=0x0000000080007000 V R X
page table 0x0000000087f49000
+-- 0: pte=0x0000000087f49000 va=0x0000000000000000 pa=0x0000000087f45000 V
|   +-- 0: pte=0x0000000087f45000 va=0x0000000000000000 pa=0x0000000087f44000 V
|       +-- 0: pte=0x0000000087f44000 va=0x0000000000000000 pa=0x0000000087f46000 V R W X U D
|       +-- 1: pte=0x0000000087f44008 va=0x0000000000001000 pa=0x0000000087f43000 V R W X
|       +-- 2: pte=0x0000000087f44010 va=0x0000000000002000 pa=0x0000000087f42000 V R W X U D
|       +-- 3: pte=0x0000000087f44018 va=0x0000000000003000 pa=0x0000000087f4a000 V R W X U D
|       +-- 4: pte=0x0000000087f44020 va=0x0000000000004000 pa=0x0000000087f76000 V R W X U
|       +-- 5: pte=0x0000000087f44028 va=0x0000000000005000 pa=0x0000000087f75000 V R W X U
|       +-- 6: pte=0x0000000087f44030 va=0x0000000000006000 pa=0x0000000087f74000 V R W X U
|       +-- 7: pte=0x0000000087f44038 va=0x0000000000007000 pa=0x0000000087f73000 V R W X U
|       +-- 8: pte=0x0000000087f44040 va=0x0000000000008000 pa=0x0000000087f66000 V R W X U
|       +-- 9: pte=0x0000000087f44048 va=0x0000000000009000 pa=0x0000000087f4b000 V R W X U
|       +-- 10: pte=0x0000000087f44050 va=0x000000000000a000 pa=0x0000000087f4c000 V R W X U
|       +-- 11: pte=0x0000000087f44058 va=0x000000000000b000 pa=0x0000000087f4d000 V R W X U
|       +-- 12: pte=0x0000000087f44060 va=0x000000000000c000 pa=0x0000000087f4e000 V R W X U
|       +-- 13: pte=0x0000000087f44068 va=0x000000000000d000 pa=0x0000000087f4f000 V R W X U
|       +-- 14: pte=0x0000000087f44070 va=0x000000000000e000 pa=0x0000000087f50000 V R W X U
|       +-- 15: pte=0x0000000087f44078 va=0x000000000000f000 pa=0x0000000087f51000 V R W X U
|       +-- 16: pte=0x0000000087f44080 va=0x0000000000010000 pa=0x0000000087f52000 V R W X U
|       +-- 17: pte=0x0000000087f44088 va=0x0000000000011000 pa=0x0000000087f53000 V R W X U
|       +-- 18: pte=0x0000000087f44090 va=0x0000000000012000 pa=0x0000000087f54000 V R W X U
|       +-- 19: pte=0x0000000087f44098 va=0x0000000000013000 pa=0x0000000087f55000 V R W X U
+-- 255: pte=0x0000000087f497f8 va=0x0000003fc0000000 pa=0x0000000087f48000 V
    +-- 511: pte=0x0000000087f48ff8 va=0x0000003fffe00000 pa=0x0000000087f47000 V
        +-- 510: pte=0x0000000087f47ff0 va=0x0000003fffffe000 pa=0x0000000087f65000 V R W D
        +-- 511: pte=0x0000000087f47ff8 va=0x0000003ffffff000 pa=0x0000000080007000 V R X
page table 0x0000000087f49000
+-- 0: pte=0x0000000087f49000 va=0x0000000000000000 pa=0x0000000087f45000 V
|   +-- 0: pte=0x0000000087f45000 va=0x0000000000000000 pa=0x0000000087f44000 V
|       +-- 0: pte=0x0000000087f44000 va=0x0000000000000000 pa=0x0000000087f46000 V R W X U D
|       +-- 1: pte=0x0000000087f44008 va=0x0000000000001000 pa=0x0000000087f43000 V R W X
|       +-- 2: pte=0x0000000087f44010 va=0x0000000000002000 pa=0x0000000087f42000 V R W X U D
|       +-- 3: pte=0x0000000087f44018 va=0x0000000000003000 pa=0x0000000087f4a000 V R W X U D
|       +-- 4: pte=0x0000000087f44020 va=0x0000000000004000 pa=0x0000000087f76000 V R W X U
|       +-- 5: pte=0x0000000087f44028 va=0x0000000000005000 pa=0x0000000087f75000 V R W X U
|       +-- 6: pte=0x0000000087f44030 va=0x0000000000006000 pa=0x0000000087f74000 V R W X U
|       +-- 7: pte=0x0000000087f44038 va=0x0000000000007000 pa=0x0000000087f73000 V R W X U
|       +-- 8: pte=0x0000000087f44040 va=0x0000000000008000 pa=0x0000000087f66000 V R W X U
|       +-- 9: pte=0x0000000087f44048 va=0x0000000000009000 pa=0x0000000087f4b000 V R W X U
|       +-- 10: pte=0x0000000087f44050 va=0x000000000000a000 pa=0x0000000087f4c000 V R W X U
|       +-- 11: pte=0x0000000087f44058 va=0x000000000000b000 pa=0x0000000087f4d000 V R W X U
|       +-- 12: pte=0x0000000087f44060 va=0x000000000000c000 pa=0x0000000087f4e000 V R W X U
|       +-- 13: pte=0x0000000087f44068 va=0x000000000000d000 blockno=0x00000000000002f0 R W X U S
|       +-- 14: pte=0x0000000087f44070 va=0x000000000000e000 blockno=0x00000000000002f8 R W X U S
|       +-- 15: pte=0x0000000087f44078 va=0x000000000000f000 pa=0x0000000087f51000 V R W X U
|       +-- 16: pte=0x0000000087f44080 va=0x0000000000010000 pa=0x0000000087f52000 V R W X U
|       +-- 17: pte=0x0000000087f44088 va=0x0000000000011000 pa=0x0000000087f53000 V R W X U
|       +-- 18: pte=0x0000000087f44090 va=0x0000000000012000 pa=0x0000000087f54000 V R W X U
|       +-- 19: pte=0x0000000087f44098 va=0x0000000000013000 pa=0x0000000087f55000 V R W X U
+-- 255: pte=0x0000000087f497f8 va=0x0000003fc0000000 pa=0x0000000087f48000 V
    +-- 511: pte=0x0000000087f48ff8 va=0x0000003fffe00000 pa=0x0000000087f47000 V
        +-- 510: pte=0x0000000087f47ff0 va=0x0000003fffffe000 pa=0x0000000087f65000 V R W D
        +-- 511: pte=0x0000000087f47ff8 va=0x0000003ffffff000 pa=0x0000000080007000 V R X
page table 0x0000000087f49000
+-- 0: pte=0x0000000087f49000 va=0x0000000000000000 pa=0x0000000087f45000 V
|   +-- 0: pte=0x0000000087f45000 va=0x0000000000000000 pa=0x0000000087f44000 V
|       +-- 0: pte=0x0000000087f44000 va=0x0000000000000000 pa=0x0000000087f46000 V R W X U D
|       +-- 1: pte=0x0000000087f44008 va=0x0000000000001000 pa=0x0000000087f43000 V R W X
|       +-- 2: pte=0x0000000087f44010 va=0x0000000000002000 pa=0x0000000087f42000 V R W X U D
|       +-- 3: pte=0x0000000087f44018 va=0x0000000000003000 pa=0x0000000087f4a000 V R W X U D
|       +-- 4: pte=0x0000000087f44020 va=0x0000000000004000 pa=0x0000000087f76000 V R W X U
|       +-- 5: pte=0x0000000087f44028 va=0x0000000000005000 pa=0x0000000087f75000 V R W X U
|       +-- 6: pte=0x0000000087f44030 va=0x0000000000006000 pa=0x0000000087f74000 V R W X U
|       +-- 7: pte=0x0000000087f44038 va=0x0000000000007000 pa=0x0000000087f73000 V R W X U
|       +-- 8: pte=0x0000000087f44040 va=0x0000000000008000 pa=0x0000000087f66000 V R W X U
|       +-- 9: pte=0x0000000087f44048 va=0x0000000000009000 pa=0x0000000087f4b000 V R W X U
|       +-- 10: pte=0x0000000087f44050 va=0x000000000000a000 pa=0x0000000087f4c000 V R W X U
|       +-- 11: pte=0x0000000087f44058 va=0x000000000000b000 pa=0x0000000087f4d000 V R W X U
|       +-- 12: pte=0x0000000087f44060 va=0x000000000000c000 pa=0x0000000087f4e000 V R W X U
|       +-- 13: pte=0x0000000087f44068 va=0x000000000000d000 pa=0x0000000087f50000 V R W X U D
|       +-- 14: pte=0x0000000087f44070 va=0x000000000000e000 blockno=0x00000000000002f8 R W X U S
|       +-- 15: pte=0x0000000087f44078 va=0x000000000000f000 pa=0x0000000087f51000 V R W X U
|       +-- 16: pte=0x0000000087f44080 va=0x0000000000010000 pa=0x0000000087f52000 V R W X U
|       +-- 17: pte=0x0000000087f44088 va=0x0000000000011000 pa=0x0000000087f53000 V R W X U
|       +-- 18: pte=0x0000000087f44090 va=0x0000000000012000 pa=0x0000000087f54000 V R W X U
|       +-- 19: pte=0x0000000087f44098 va=0x0000000000013000 pa=0x0000000087f55000 V R W X U
+-- 255: pte=0x0000000087f497f8 va=0x0000003fc0000000 pa=0x0000000087f48000 V
    +-- 511: pte=0x0000000087f48ff8 va=0x0000003fffe00000 pa=0x0000000087f47000 V
        +-- 510: pte=0x0000000087f47ff0 va=0x0000003fffffe000 pa=0x0000000087f65000 V R W D
        +-- 511: pte=0x0000000087f47ff8 va=0x0000003ffffff000 pa=0x0000000080007000 V R X
